0 info it worked if it ends with ok
1 verbose cli [ '/usr/local/bin/node', '/usr/local/bin/npm', 'run', 'deploy' ]
2 info using npm@4.0.5
3 info using node@v7.4.0
4 verbose run-script [ 'predeploy', 'deploy', 'postdeploy' ]
5 info lifecycle frontend-nanodegree-feedreader@1.0.0~predeploy: frontend-nanodegree-feedreader@1.0.0
6 silly lifecycle frontend-nanodegree-feedreader@1.0.0~predeploy: no script for predeploy, continuing
7 info lifecycle frontend-nanodegree-feedreader@1.0.0~deploy: frontend-nanodegree-feedreader@1.0.0
8 verbose lifecycle frontend-nanodegree-feedreader@1.0.0~deploy: unsafe-perm in lifecycle true
9 verbose lifecycle frontend-nanodegree-feedreader@1.0.0~deploy: PATH: /usr/local/lib/node_modules/npm/bin/node-gyp-bin:/Users/mg/projects/frontend-nanodegree-feedreader/node_modules/.bin:/Users/mg/.rvm/gems/ruby-2.2.1/bin:/Users/mg/.rvm/gems/ruby-2.2.1@global/bin:/Users/mg/.rvm/rubies/ruby-2.2.1/bin:/Users/mg/.bin:/Users/mg/Library/Python/3.6/bin:/Library/Frameworks/Python.framework/Versions/3.6/bin:/usr/local/bin:/usr/bin:/bin:/usr/sbin:/sbin:/opt/ImageMagick/bin:/Users/mg/.rvm/bin
10 verbose lifecycle frontend-nanodegree-feedreader@1.0.0~deploy: CWD: /Users/mg/projects/frontend-nanodegree-feedreader
11 silly lifecycle frontend-nanodegree-feedreader@1.0.0~deploy: Args: [ '-c', 'gh-pages' ]
12 silly lifecycle frontend-nanodegree-feedreader@1.0.0~deploy: Returned: code: 1  signal: null
13 info lifecycle frontend-nanodegree-feedreader@1.0.0~deploy: Failed to exec deploy script
14 verbose stack Error: frontend-nanodegree-feedreader@1.0.0 deploy: `gh-pages`
14 verbose stack Exit status 1
14 verbose stack     at EventEmitter.<anonymous> (/usr/local/lib/node_modules/npm/lib/utils/lifecycle.js:279:16)
14 verbose stack     at emitTwo (events.js:106:13)
14 verbose stack     at EventEmitter.emit (events.js:191:7)
14 verbose stack     at ChildProcess.<anonymous> (/usr/local/lib/node_modules/npm/lib/utils/spawn.js:40:14)
14 verbose stack     at emitTwo (events.js:106:13)
14 verbose stack     at ChildProcess.emit (events.js:191:7)
14 verbose stack     at maybeClose (internal/child_process.js:885:16)
14 verbose stack     at Process.ChildProcess._handle.onexit (internal/child_process.js:226:5)
15 verbose pkgid frontend-nanodegree-feedreader@1.0.0
16 verbose cwd /Users/mg/projects/frontend-nanodegree-feedreader
17 error Darwin 16.5.0
18 error argv "/usr/local/bin/node" "/usr/local/bin/npm" "run" "deploy"
19 error node v7.4.0
20 error npm  v4.0.5
21 error code ELIFECYCLE
22 error frontend-nanodegree-feedreader@1.0.0 deploy: `gh-pages`
22 error Exit status 1
23 error Failed at the frontend-nanodegree-feedreader@1.0.0 deploy script 'gh-pages'.
23 error Make sure you have the latest version of node.js and npm installed.
23 error If you do, this is most likely a problem with the frontend-nanodegree-feedreader package,
23 error not with npm itself.
23 error Tell the author that this fails on your system:
23 error     gh-pages
23 error You can get information on how to open an issue for this project with:
23 error     npm bugs frontend-nanodegree-feedreader
23 error Or if that isn't available, you can get their info via:
23 error     npm owner ls frontend-nanodegree-feedreader
23 error There is likely additional logging output above.
24 verbose exit [ 1, true ]
